#
# A fatal error has been detected by the Java Runtime Environment:
#
#  SIGSEGV (0xb) at pc=0x00007faf51615cb1, pid=16465, tid=0x00007faf52d4f700
#
# JRE version: OpenJDK Runtime Environment (8.0_181-b13) (build 1.8.0_181-8u181-b13-1ubuntu0.18.04.1-b13)
# Java VM: OpenJDK 64-Bit Server VM (25.181-b13 mixed mode linux-amd64 compressed oops)
# Problematic frame:
# V  [libjvm.so+0x693cb1]
#
# Failed to write core dump. Core dumps have been disabled. To enable core dumping, try "ulimit -c unlimited" before starting Java again
#
# If you would like to submit a bug report, please visit:
#   http://bugreport.java.com/bugreport/crash.jsp
#

---------------  T H R E A D  ---------------

Current thread (0x00007faf4c00b000):  JavaThread "main" [_thread_in_vm, id=16467, stack(0x00007faf52c50000,0x00007faf52d50000)]

siginfo: si_signo: 11 (SIGSEGV), si_code: 1 (SEGV_MAPERR), si_addr: 0x0000000000000000

Registers:
RAX=0x00007faf51edde14, RBX=0x00007faf4c00b000, RCX=0x0000000000000018, RDX=0x00007faf51edc84a
RSP=0x00007faf52d4e690, RBP=0x00007faf52d4e710, RSI=0x0000000000000000, RDI=0x00007faf4c00b000
R8 =0x0000000000000004, R9 =0x00000000d6ec6378, R10=0x0000000000000000, R11=0x00007faf51ee6adc
R12=0x0000000000000000, R13=0x0000000000000000, R14=0x00007faf4c00b1e0, R15=0x00007faf4c00b000
RIP=0x00007faf51615cb1, EFLAGS=0x0000000000010246, CSGSFS=0x002b000000000033, ERR=0x0000000000000004
  TRAPNO=0x000000000000000e

Top of Stack: (sp=0x00007faf52d4e690)
0x00007faf52d4e690:   00007faf4c00b000 0000000000000000
0x00007faf52d4e6a0:   00007faf52d4e7d0 00007faf37197e90
0x00007faf52d4e6b0:   00007faf4c00b000 00007faf4c00c010
0x00007faf52d4e6c0:   00007faf37197e90 00007faf4c00b000
0x00007faf52d4e6d0:   00007faf52d4e740 ffc39aa7371a0600
0x00007faf52d4e6e0:   00007faf4c00b000 00007faf52d4e7f0
0x00007faf52d4e6f0:   00007faf4c244bf8 0000000000000000
0x00007faf52d4e700:   00007faf52d4e7f0 00007faf4c00b000
0x00007faf52d4e710:   00007faf4c00b1e0 00007faf3459fbb2
0x00007faf52d4e720:   00007faf37197e90 0000000000000000
0x00007faf52d4e730:   00007faf37197e88 00007faf37197e90
0x00007faf52d4e740:   00007faf52d4e7c8 0000000000000000
0x00007faf52d4e750:   00007faf37197e88 00007faf3c5a7f33
0x00007faf52d4e760:   00007faf37197e88 00007faf52d4e7f0
0x00007faf52d4e770:   00007faf52d4e7c8 0000000000000001
0x00007faf52d4e780:   00000000d6ec6378 00007faf52d4e778
0x00007faf52d4e790:   00007faf37197e88 00007faf52d4e7f0
0x00007faf52d4e7a0:   00007faf371c9a68 0000000000000000
0x00007faf52d4e7b0:   00007faf37197e90 0000000000000000
0x00007faf52d4e7c0:   00007faf52d4e7e8 00007faf52d4e838
0x00007faf52d4e7d0:   00007faf3c596a40 0000000000000000
0x00007faf52d4e7e0:   00007faf3c5a0a56 0000000000000000
0x00007faf52d4e7f0:   00000000d6ec6378 00007faf52d4e7f8
0x00007faf52d4e800:   00007faf371d414e 00007faf52d4e870
0x00007faf52d4e810:   00007faf371f5528 0000000000000000
0x00007faf52d4e820:   00007faf371d41e8 00007faf52d4e7e8
0x00007faf52d4e830:   00007faf52d4e868 00007faf52d4e8b8
0x00007faf52d4e840:   00007faf3c596a85 0000000000000000
0x00007faf52d4e850:   0000000000000000 0000000000000000
0x00007faf52d4e860:   0000000000000000 0000000000000000
0x00007faf52d4e870:   00000000d6f03a18 00007faf52d4e878
0x00007faf52d4e880:   00007faf3718adcc 00007faf52d4e8c8 

Instructions: (pc=0x00007faf51615cb1)
0x00007faf51615c91:   45 88 00 00 00 00 74 09 48 8d 7d 80 e8 de 1c 2b
0x00007faf51615ca1:   00 90 48 8d 15 a0 6b 8c 00 48 8d 05 63 81 8c 00
0x00007faf51615cb1:   4d 8b 75 00 80 3a 00 48 63 00 74 23 41 8b 04 06
0x00007faf51615cc1:   85 c0 74 5f 48 8d 15 44 8b 8a 00 8b 4a 08 48 d3 

Register to memory mapping:

RAX=0x00007faf51edde14: <offset 0xf5be14> in /usr/lib/jvm/java-8-openjdk-amd64/jre/lib/amd64/server/libjvm.so at 0x00007faf50f82000
RBX=0x00007faf4c00b000 is a thread
RCX=0x0000000000000018 is an unknown value
RDX=0x00007faf51edc84a: <offset 0xf5a84a> in /usr/lib/jvm/java-8-openjdk-amd64/jre/lib/amd64/server/libjvm.so at 0x00007faf50f82000
RSP=0x00007faf52d4e690 is pointing into the stack for thread: 0x00007faf4c00b000
RBP=0x00007faf52d4e710 is pointing into the stack for thread: 0x00007faf4c00b000
RSI=0x0000000000000000 is an unknown value
RDI=0x00007faf4c00b000 is a thread
R8 =0x0000000000000004 is an unknown value
R9 =0x00000000d6ec6378 is an oop
org.sqlite.core.NativeDB 
 - klass: 'org/sqlite/core/NativeDB'
R10=0x0000000000000000 is an unknown value
R11=0x00007faf51ee6adc: <offset 0xf64adc> in /usr/lib/jvm/java-8-openjdk-amd64/jre/lib/amd64/server/libjvm.so at 0x00007faf50f82000
R12=0x0000000000000000 is an unknown value
R13=0x0000000000000000 is an unknown value
R14=0x00007faf4c00b1e0 is an unknown value
R15=0x00007faf4c00b000 is a thread


Stack: [0x00007faf52c50000,0x00007faf52d50000],  sp=0x00007faf52d4e690,  free space=1017k
Native frames: (J=compiled Java code, j=interpreted, Vv=VM code, C=native code)
V  [libjvm.so+0x693cb1]
C  [sqlite-3.8.11.2-ec76dbeb-95aa-4bcc-8525-a7f37fd5e7fd-libsqlitejdbc.so+0xabb2]  Java_org_sqlite_core_NativeDB__1exec+0x72

Java frames: (J=compiled Java code, j=interpreted, Vv=VM code)
j  org.sqlite.core.NativeDB._exec(Ljava/lang/String;)I+0
j  org.sqlite.jdbc3.JDBC3Statement.executeUpdate(Ljava/lang/String;)I+46
j  posto.control.OperarBd.conectarBanco()V+44
j  posto.control.CadastrarMedicamento.cadastrarMedicamento(Lposto/modelo/Medicamento;)V+85
j  posto.modelo.Main.main([Ljava/lang/String;)V+85
v  ~StubRoutines::call_stub

---------------  P R O C E S S  ---------------

Java Threads: ( => current thread )
  0x00007faf4c0c8800 JavaThread "Service Thread" daemon [_thread_blocked, id=16482, stack(0x00007faf3498a000,0x00007faf34a8b000)]
  0x00007faf4c0bd800 JavaThread "C1 CompilerThread2" daemon [_thread_blocked, id=16481, stack(0x00007faf34a8c000,0x00007faf34b8c000)]
  0x00007faf4c0bc000 JavaThread "C2 CompilerThread1" daemon [_thread_blocked, id=16480, stack(0x00007faf34b8d000,0x00007faf34c8d000)]
  0x00007faf4c0b9000 JavaThread "C2 CompilerThread0" daemon [_thread_blocked, id=16479, stack(0x00007faf34c8e000,0x00007faf34d8e000)]
  0x00007faf4c0b7800 JavaThread "Signal Dispatcher" daemon [_thread_blocked, id=16478, stack(0x00007faf34d8e000,0x00007faf34e8f000)]
  0x00007faf4c085000 JavaThread "Finalizer" daemon [_thread_blocked, id=16477, stack(0x00007faf3585e000,0x00007faf3595f000)]
  0x00007faf4c082800 JavaThread "Reference Handler" daemon [_thread_blocked, id=16476, stack(0x00007faf3595f000,0x00007faf35a60000)]
=>0x00007faf4c00b000 JavaThread "main" [_thread_in_vm, id=16467, stack(0x00007faf52c50000,0x00007faf52d50000)]

Other Threads:
  0x00007faf4c079000 VMThread [stack: 0x00007faf35a61000,0x00007faf35b61000] [id=16475]
  0x00007faf4c0cb000 WatcherThread [stack: 0x00007faf3488a000,0x00007faf3498a000] [id=16483]

VM state:not at safepoint (normal execution)

VM Mutex/Monitor currently owned by a thread: None

Heap:
 PSYoungGen      total 36864K, used 3836K [0x00000000d6b80000, 0x00000000d9480000, 0x0000000100000000)
  eden space 31744K, 12% used [0x00000000d6b80000,0x00000000d6f3f1d8,0x00000000d8a80000)
  from space 5120K, 0% used [0x00000000d8f80000,0x00000000d8f80000,0x00000000d9480000)
  to   space 5120K, 0% used [0x00000000d8a80000,0x00000000d8a80000,0x00000000d8f80000)
 ParOldGen       total 84992K, used 0K [0x0000000084200000, 0x0000000089500000, 0x00000000d6b80000)
  object space 84992K, 0% used [0x0000000084200000,0x0000000084200000,0x0000000089500000)
 Metaspace       used 4897K, capacity 5132K, committed 5248K, reserved 1056768K
  class space    used 537K, capacity 564K, committed 640K, reserved 1048576K

Card table byte_map: [0x00007faf3bdef000,0x00007faf3c1cf000] byte_map_base: 0x00007faf3b9ce000

Marking Bits: (ParMarkBitMap*) 0x00007faf51ee61c0
 Begin Bits: [0x00007faf37966000, 0x00007faf3985e000)
 End Bits:   [0x00007faf3985e000, 0x00007faf3b756000)

Polling page: 0x00007faf52d67000

CodeCache: size=245760Kb used=1458Kb max_used=1458Kb free=244301Kb
 bounds [0x00007faf3c58f000, 0x00007faf3c7ff000, 0x00007faf4b58f000]
 total_blobs=445 nmethods=170 adapters=190
 compilation: enabled

Compilation events (10 events):
Event: 0,295 Thread 0x00007faf4c0bd800  161       1       sun.misc.URLClassPath$JarLoader::access$700 (5 bytes)
Event: 0,295 Thread 0x00007faf4c0bd800 nmethod 161 0x00007faf3c6f2b90 code [0x00007faf3c6f2ce0, 0x00007faf3c6f2dd0]
Event: 0,298 Thread 0x00007faf4c0bd800  166       3       java.util.regex.Pattern::peek (26 bytes)
Event: 0,298 Thread 0x00007faf4c0bd800 nmethod 166 0x00007faf3c6fa9d0 code [0x00007faf3c6fab60, 0x00007faf3c6fae08]
Event: 0,298 Thread 0x00007faf4c0bd800  167       3       java.lang.String::lastIndexOf (13 bytes)
Event: 0,298 Thread 0x00007faf4c0bd800 nmethod 167 0x00007faf3c6faf50 code [0x00007faf3c6fb0c0, 0x00007faf3c6fb2c8]
Event: 0,299 Thread 0x00007faf4c0bd800  168       3       java.util.WeakHashMap::maskNull (12 bytes)
Event: 0,299 Thread 0x00007faf4c0bd800 nmethod 168 0x00007faf3c6fb390 code [0x00007faf3c6fb500, 0x00007faf3c6fb690]
Event: 0,299 Thread 0x00007faf4c0bd800  169       3       java.util.WeakHashMap::hash (28 bytes)
Event: 0,299 Thread 0x00007faf4c0bd800 nmethod 169 0x00007faf3c6fb710 code [0x00007faf3c6fb880, 0x00007faf3c6fbac8]

GC Heap History (0 events):
No events

Deoptimization events (1 events):
Event: 0,284 Thread 0x00007faf4c00b000 Uncommon trap: reason=unstable_if action=reinterpret pc=0x00007faf3c6f649c method=org.sqlite.SQLiteJDBCLoader.contentsEquals(Ljava/io/InputStream;Ljava/io/InputStream;)Z @ 39

Classes redefined (0 events):
No events

Internal exceptions (10 events):
Event: 0,032 Thread 0x00007faf4c00b000 Exception <a 'java/lang/NoSuchMethodError': Method sun.misc.Unsafe.prefetchRead(Ljava/lang/Object;J)V name or signature does not match> (0x00000000d6b87f98) thrown at [/build/openjdk-8-Hh0vdF/openjdk-8-8u181-b13/src/hotspot/src/share/vm/prims/jni.cpp, lin
Event: 0,088 Thread 0x00007faf4c00b000 Exception <a 'java/util/zip/ZipException'> (0x00000000d6bd4800) thrown at [/build/openjdk-8-Hh0vdF/openjdk-8-8u181-b13/src/hotspot/src/share/vm/prims/jni.cpp, line 709]
Event: 0,088 Thread 0x00007faf4c00b000 Exception <a 'java/security/PrivilegedActionException'> (0x00000000d6bd4aa0) thrown at [/build/openjdk-8-Hh0vdF/openjdk-8-8u181-b13/src/hotspot/src/share/vm/prims/jvm.cpp, line 1435]
Event: 0,088 Thread 0x00007faf4c00b000 Exception <a 'java/security/PrivilegedActionException'> (0x00000000d6bd4cb0) thrown at [/build/openjdk-8-Hh0vdF/openjdk-8-8u181-b13/src/hotspot/src/share/vm/prims/jvm.cpp, line 1435]
Event: 0,122 Thread 0x00007faf4c00b000 Exception <a 'java/security/PrivilegedActionException'> (0x00000000d6cc9e50) thrown at [/build/openjdk-8-Hh0vdF/openjdk-8-8u181-b13/src/hotspot/src/share/vm/prims/jvm.cpp, line 1435]
Event: 0,122 Thread 0x00007faf4c00b000 Exception <a 'java/security/PrivilegedActionException'> (0x00000000d6cca060) thrown at [/build/openjdk-8-Hh0vdF/openjdk-8-8u181-b13/src/hotspot/src/share/vm/prims/jvm.cpp, line 1435]
Event: 0,122 Thread 0x00007faf4c00b000 Exception <a 'java/security/PrivilegedActionException'> (0x00000000d6ccc2d0) thrown at [/build/openjdk-8-Hh0vdF/openjdk-8-8u181-b13/src/hotspot/src/share/vm/prims/jvm.cpp, line 1435]
Event: 0,122 Thread 0x00007faf4c00b000 Exception <a 'java/security/PrivilegedActionException'> (0x00000000d6ccc4e0) thrown at [/build/openjdk-8-Hh0vdF/openjdk-8-8u181-b13/src/hotspot/src/share/vm/prims/jvm.cpp, line 1435]
Event: 0,123 Thread 0x00007faf4c00b000 Exception <a 'java/security/PrivilegedActionException'> (0x00000000d6ccd1a0) thrown at [/build/openjdk-8-Hh0vdF/openjdk-8-8u181-b13/src/hotspot/src/share/vm/prims/jvm.cpp, line 1435]
Event: 0,123 Thread 0x00007faf4c00b000 Exception <a 'java/security/PrivilegedActionException'> (0x00000000d6ccd3b0) thrown at [/build/openjdk-8-Hh0vdF/openjdk-8-8u181-b13/src/hotspot/src/share/vm/prims/jvm.cpp, line 1435]

Events (10 events):
Event: 0,297 loading class java/util/regex/Pattern$Dot
Event: 0,297 loading class java/util/regex/Pattern$Dot done
Event: 0,297 loading class java/util/regex/Pattern$SliceS
Event: 0,297 loading class java/util/regex/Pattern$SliceS done
Event: 0,298 loading class java/util/Hashtable$KeySet
Event: 0,298 loading class java/util/Hashtable$KeySet done
Event: 0,298 loading class org/sqlite/ExtendedCommand
Event: 0,298 loading class org/sqlite/ExtendedCommand done
Event: 0,299 loading class org/sqlite/ExtendedCommand$SQLExtension
Event: 0,299 loading class org/sqlite/ExtendedCommand$SQLExtension done


Dynamic libraries:
84200000-89500000 rw-p 00000000 00:00 0 
89500000-d6b80000 ---p 00000000 00:00 0 
d6b80000-d9480000 rw-p 00000000 00:00 0 
d9480000-100000000 ---p 00000000 00:00 0 
100000000-1000a0000 rw-p 00000000 00:00 0 
1000a0000-140000000 ---p 00000000 00:00 0 
559851e75000-559851e76000 r-xp 00000000 08:05 792361                     /usr/lib/jvm/java-8-openjdk-amd64/jre/bin/java
559852075000-559852076000 r--p 00000000 08:05 792361                     /usr/lib/jvm/java-8-openjdk-amd64/jre/bin/java
559852076000-559852077000 rw-p 00001000 08:05 792361                     /usr/lib/jvm/java-8-openjdk-amd64/jre/bin/java
5598533d8000-5598533f9000 rw-p 00000000 00:00 0                          [heap]
7faf00000000-7faf00021000 rw-p 00000000 00:00 0 
7faf00021000-7faf04000000 ---p 00000000 00:00 0 
7faf04000000-7faf04021000 rw-p 00000000 00:00 0 
7faf04021000-7faf08000000 ---p 00000000 00:00 0 
7faf08000000-7faf08021000 rw-p 00000000 00:00 0 
7faf08021000-7faf0c000000 ---p 00000000 00:00 0 
7faf0c000000-7faf0c11e000 rw-p 00000000 00:00 0 
7faf0c11e000-7faf10000000 ---p 00000000 00:00 0 
7faf10000000-7faf10021000 rw-p 00000000 00:00 0 
7faf10021000-7faf14000000 ---p 00000000 00:00 0 
7faf14000000-7faf1408c000 rw-p 00000000 00:00 0 
7faf1408c000-7faf18000000 ---p 00000000 00:00 0 
7faf18000000-7faf18021000 rw-p 00000000 00:00 0 
7faf18021000-7faf1c000000 ---p 00000000 00:00 0 
7faf1c000000-7faf1c021000 rw-p 00000000 00:00 0 
7faf1c021000-7faf20000000 ---p 00000000 00:00 0 
7faf20000000-7faf20021000 rw-p 00000000 00:00 0 
7faf20021000-7faf24000000 ---p 00000000 00:00 0 
7faf24000000-7faf24021000 rw-p 00000000 00:00 0 
7faf24021000-7faf28000000 ---p 00000000 00:00 0 
7faf28000000-7faf28021000 rw-p 00000000 00:00 0 
7faf28021000-7faf2c000000 ---p 00000000 00:00 0 
7faf2c000000-7faf2c021000 rw-p 00000000 00:00 0 
7faf2c021000-7faf30000000 ---p 00000000 00:00 0 
7faf30000000-7faf30021000 rw-p 00000000 00:00 0 
7faf30021000-7faf34000000 ---p 00000000 00:00 0 
7faf34595000-7faf3464e000 r-xp 00000000 08:05 1589505                    /tmp/sqlite-3.8.11.2-ec76dbeb-95aa-4bcc-8525-a7f37fd5e7fd-libsqlitejdbc.so
7faf3464e000-7faf3484e000 ---p 000b9000 08:05 1589505                    /tmp/sqlite-3.8.11.2-ec76dbeb-95aa-4bcc-8525-a7f37fd5e7fd-libsqlitejdbc.so
7faf3484e000-7faf34853000 rw-p 000b9000 08:05 1589505                    /tmp/sqlite-3.8.11.2-ec76dbeb-95aa-4bcc-8525-a7f37fd5e7fd-libsqlitejdbc.so
7faf34853000-7faf3486e000 r--s 001d6000 08:05 797025                     /usr/lib/jvm/java-8-openjdk-amd64/jre/lib/ext/nashorn.jar
7faf3486e000-7faf34889000 r--s 00394000 08:05 797020                     /usr/lib/jvm/java-8-openjdk-amd64/jre/lib/ext/cldrdata.jar
7faf34889000-7faf3488a000 ---p 00000000 00:00 0 
7faf3488a000-7faf3498a000 rw-p 00000000 00:00 0 
7faf3498a000-7faf3498d000 ---p 00000000 00:00 0 
7faf3498d000-7faf34a8b000 rw-p 00000000 00:00 0 
7faf34a8b000-7faf34a8c000 ---p 00000000 00:00 0 
7faf34a8c000-7faf34a8f000 ---p 00000000 00:00 0 
7faf34a8f000-7faf34b8c000 rw-p 00000000 00:00 0 
7faf34b8c000-7faf34b8d000 ---p 00000000 00:00 0 
7faf34b8d000-7faf34b90000 ---p 00000000 00:00 0 
7faf34b90000-7faf34c8d000 rw-p 00000000 00:00 0 
7faf34c8d000-7faf34c8e000 ---p 00000000 00:00 0 
7faf34c8e000-7faf34c91000 ---p 00000000 00:00 0 
7faf34c91000-7faf34d8e000 rw-p 00000000 00:00 0 
7faf34d8e000-7faf34d91000 ---p 00000000 00:00 0 
7faf34d91000-7faf34e8f000 rw-p 00000000 00:00 0 
7faf34e8f000-7faf3585e000 r--p 00000000 08:05 790347                     /usr/lib/locale/locale-archive
7faf3585e000-7faf35861000 ---p 00000000 00:00 0 
7faf35861000-7faf3595f000 rw-p 00000000 00:00 0 
7faf3595f000-7faf35962000 ---p 00000000 00:00 0 
7faf35962000-7faf35a60000 rw-p 00000000 00:00 0 
7faf35a60000-7faf35a61000 ---p 00000000 00:00 0 
7faf35a61000-7faf36b42000 rw-p 00000000 00:00 0 
7faf36b42000-7faf36d11000 r--s 03c33000 08:05 797046                     /usr/lib/jvm/java-8-openjdk-amd64/jre/lib/rt.jar
7faf36d11000-7faf37207000 rw-p 00000000 00:00 0 
7faf37207000-7faf37587000 ---p 00000000 00:00 0 
7faf37587000-7faf3b756000 rw-p 00000000 00:00 0 
7faf3b756000-7faf3b757000 ---p 00000000 00:00 0 
7faf3b757000-7faf3b857000 rw-p 00000000 00:00 0 
7faf3b857000-7faf3b858000 ---p 00000000 00:00 0 
7faf3b858000-7faf3b958000 rw-p 00000000 00:00 0 
7faf3b958000-7faf3b959000 ---p 00000000 00:00 0 
7faf3b959000-7faf3ba59000 rw-p 00000000 00:00 0 
7faf3ba59000-7faf3ba5a000 ---p 00000000 00:00 0 
7faf3ba5a000-7faf3bb84000 rw-p 00000000 00:00 0 
7faf3bb84000-7faf3bdef000 ---p 00000000 00:00 0 
7faf3bdef000-7faf3be19000 rw-p 00000000 00:00 0 
7faf3be19000-7faf3c083000 ---p 00000000 00:00 0 
7faf3c083000-7faf3c099000 rw-p 00000000 00:00 0 
7faf3c099000-7faf3c1ce000 ---p 00000000 00:00 0 
7faf3c1ce000-7faf3c1d9000 rw-p 00000000 00:00 0 
7faf3c1d9000-7faf3c58f000 ---p 00000000 00:00 0 
7faf3c58f000-7faf3c7ff000 rwxp 00000000 00:00 0 
7faf3c7ff000-7faf4b58f000 ---p 00000000 00:00 0 
7faf4b58f000-7faf4b597000 r-xp 00000000 08:05 797009                     /usr/lib/jvm/java-8-openjdk-amd64/jre/lib/amd64/libzip.so
7faf4b597000-7faf4b796000 ---p 00008000 08:05 797009                     /usr/lib/jvm/java-8-openjdk-amd64/jre/lib/amd64/libzip.so
7faf4b796000-7faf4b797000 r--p 00007000 08:05 797009                     /usr/lib/jvm/java-8-openjdk-amd64/jre/lib/amd64/libzip.so
7faf4b797000-7faf4b798000 rw-p 00008000 08:05 797009                     /usr/lib/jvm/java-8-openjdk-amd64/jre/lib/amd64/libzip.so
7faf4b798000-7faf4b7a3000 r-xp 00000000 08:05 530130                     /lib/x86_64-linux-gnu/libnss_files-2.27.so
7faf4b7a3000-7faf4b9a2000 ---p 0000b000 08:05 530130                     /lib/x86_64-linux-gnu/libnss_files-2.27.so
7faf4b9a2000-7faf4b9a3000 r--p 0000a000 08:05 530130                     /lib/x86_64-linux-gnu/libnss_files-2.27.so
7faf4b9a3000-7faf4b9a4000 rw-p 0000b000 08:05 530130                     /lib/x86_64-linux-gnu/libnss_files-2.27.so
7faf4b9a4000-7faf4b9aa000 rw-p 00000000 00:00 0 
7faf4b9aa000-7faf4b9c1000 r-xp 00000000 08:05 530124                     /lib/x86_64-linux-gnu/libnsl-2.27.so
7faf4b9c1000-7faf4bbc0000 ---p 00017000 08:05 530124                     /lib/x86_64-linux-gnu/libnsl-2.27.so
7faf4bbc0000-7faf4bbc1000 r--p 00016000 08:05 530124                     /lib/x86_64-linux-gnu/libnsl-2.27.so
7faf4bbc1000-7faf4bbc2000 rw-p 00017000 08:05 530124                     /lib/x86_64-linux-gnu/libnsl-2.27.so
7faf4bbc2000-7faf4bbc4000 rw-p 00000000 00:00 0 
7faf4bbc4000-7faf4bbcf000 r-xp 00000000 08:05 530141                     /lib/x86_64-linux-gnu/libnss_nis-2.27.so
7faf4bbcf000-7faf4bdce000 ---p 0000b000 08:05 530141                     /lib/x86_64-linux-gnu/libnss_nis-2.27.so
7faf4bdce000-7faf4bdcf000 r--p 0000a000 08:05 530141                     /lib/x86_64-linux-gnu/libnss_nis-2.27.so
7faf4bdcf000-7faf4bdd0000 rw-p 0000b000 08:05 530141                     /lib/x86_64-linux-gnu/libnss_nis-2.27.so
7faf4bdd0000-7faf4bdfe000 r-xp 00000000 08:05 796990                     /usr/lib/jvm/java-8-openjdk-amd64/jre/lib/amd64/libjava.so
7faf4bdfe000-7faf4bffd000 ---p 0002e000 08:05 796990                     /usr/lib/jvm/java-8-openjdk-amd64/jre/lib/amd64/libjava.so
7faf4bffd000-7faf4bffe000 r--p 0002d000 08:05 796990                     /usr/lib/jvm/java-8-openjdk-amd64/jre/lib/amd64/libjava.so
7faf4bffe000-7faf4c000000 rw-p 0002e000 08:05 796990                     /usr/lib/jvm/java-8-openjdk-amd64/jre/lib/amd64/libjava.so
7faf4c000000-7faf4c266000 rw-p 00000000 00:00 0 
7faf4c266000-7faf50000000 ---p 00000000 00:00 0 
7faf50015000-7faf5001a000 r--s 0009d000 08:05 797041                     /usr/lib/jvm/java-8-openjdk-amd64/jre/lib/jsse.jar
7faf5001a000-7faf50022000 r-xp 00000000 08:05 530126                     /lib/x86_64-linux-gnu/libnss_compat-2.27.so
7faf50022000-7faf50222000 ---p 00008000 08:05 530126                     /lib/x86_64-linux-gnu/libnss_compat-2.27.so
7faf50222000-7faf50223000 r--p 00008000 08:05 530126                     /lib/x86_64-linux-gnu/libnss_compat-2.27.so
7faf50223000-7faf50224000 rw-p 00009000 08:05 530126                     /lib/x86_64-linux-gnu/libnss_compat-2.27.so
7faf50224000-7faf50234000 r-xp 00000000 08:05 797008                     /usr/lib/jvm/java-8-openjdk-amd64/jre/lib/amd64/libverify.so
7faf50234000-7faf50433000 ---p 00010000 08:05 797008                     /usr/lib/jvm/java-8-openjdk-amd64/jre/lib/amd64/libverify.so
7faf50433000-7faf50435000 r--p 0000f000 08:05 797008                     /usr/lib/jvm/java-8-openjdk-amd64/jre/lib/amd64/libverify.so
7faf50435000-7faf50436000 rw-p 00011000 08:05 797008                     /usr/lib/jvm/java-8-openjdk-amd64/jre/lib/amd64/libverify.so
7faf50436000-7faf5043d000 r-xp 00000000 08:05 530181                     /lib/x86_64-linux-gnu/librt-2.27.so
7faf5043d000-7faf5063c000 ---p 00007000 08:05 530181                     /lib/x86_64-linux-gnu/librt-2.27.so
7faf5063c000-7faf5063d000 r--p 00006000 08:05 530181                     /lib/x86_64-linux-gnu/librt-2.27.so
7faf5063d000-7faf5063e000 rw-p 00007000 08:05 530181                     /lib/x86_64-linux-gnu/librt-2.27.so
7faf5063e000-7faf50655000 r-xp 00000000 08:05 530077                     /lib/x86_64-linux-gnu/libgcc_s.so.1
7faf50655000-7faf50854000 ---p 00017000 08:05 530077                     /lib/x86_64-linux-gnu/libgcc_s.so.1
7faf50854000-7faf50855000 r--p 00016000 08:05 530077                     /lib/x86_64-linux-gnu/libgcc_s.so.1
7faf50855000-7faf50856000 rw-p 00017000 08:05 530077                     /lib/x86_64-linux-gnu/libgcc_s.so.1
7faf50856000-7faf509f3000 r-xp 00000000 08:05 530103                     /lib/x86_64-linux-gnu/libm-2.27.so
7faf509f3000-7faf50bf2000 ---p 0019d000 08:05 530103                     /lib/x86_64-linux-gnu/libm-2.27.so
7faf50bf2000-7faf50bf3000 r--p 0019c000 08:05 530103                     /lib/x86_64-linux-gnu/libm-2.27.so
7faf50bf3000-7faf50bf4000 rw-p 0019d000 08:05 530103                     /lib/x86_64-linux-gnu/libm-2.27.so
7faf50bf4000-7faf50d72000 r-xp 00000000 08:05 792763                     /usr/lib/x86_64-linux-gnu/libstdc++.so.6.0.25
7faf50d72000-7faf50f72000 ---p 0017e000 08:05 792763                     /usr/lib/x86_64-linux-gnu/libstdc++.so.6.0.25
7faf50f72000-7faf50f7c000 r--p 0017e000 08:05 792763                     /usr/lib/x86_64-linux-gnu/libstdc++.so.6.0.25
7faf50f7c000-7faf50f7e000 rw-p 00188000 08:05 792763                     /usr/lib/x86_64-linux-gnu/libstdc++.so.6.0.25
7faf50f7e000-7faf50f82000 rw-p 00000000 00:00 0 
7faf50f82000-7faf51c17000 r-xp 00000000 08:05 797011                     /usr/lib/jvm/java-8-openjdk-amd64/jre/lib/amd64/server/libjvm.so
7faf51c17000-7faf51e16000 ---p 00c95000 08:05 797011                     /usr/lib/jvm/java-8-openjdk-amd64/jre/lib/amd64/server/libjvm.so
7faf51e16000-7faf51eaa000 r--p 00c94000 08:05 797011                     /usr/lib/jvm/java-8-openjdk-amd64/jre/lib/amd64/server/libjvm.so
7faf51eaa000-7faf51ed2000 rw-p 00d28000 08:05 797011                     /usr/lib/jvm/java-8-openjdk-amd64/jre/lib/amd64/server/libjvm.so
7faf51ed2000-7faf51f03000 rw-p 00000000 00:00 0 
7faf51f03000-7faf51f1d000 r-xp 00000000 08:05 530173                     /lib/x86_64-linux-gnu/libpthread-2.27.so
7faf51f1d000-7faf5211c000 ---p 0001a000 08:05 530173                     /lib/x86_64-linux-gnu/libpthread-2.27.so
7faf5211c000-7faf5211d000 r--p 00019000 08:05 530173                     /lib/x86_64-linux-gnu/libpthread-2.27.so
7faf5211d000-7faf5211e000 rw-p 0001a000 08:05 530173                     /lib/x86_64-linux-gnu/libpthread-2.27.so
7faf5211e000-7faf52122000 rw-p 00000000 00:00 0 
7faf52122000-7faf52125000 r-xp 00000000 08:05 530063                     /lib/x86_64-linux-gnu/libdl-2.27.so
7faf52125000-7faf52324000 ---p 00003000 08:05 530063                     /lib/x86_64-linux-gnu/libdl-2.27.so
7faf52324000-7faf52325000 r--p 00002000 08:05 530063                     /lib/x86_64-linux-gnu/libdl-2.27.so
7faf52325000-7faf52326000 rw-p 00003000 08:05 530063                     /lib/x86_64-linux-gnu/libdl-2.27.so
7faf52326000-7faf52342000 r-xp 00000000 08:05 530212                     /lib/x86_64-linux-gnu/libz.so.1.2.11
7faf52342000-7faf52541000 ---p 0001c000 08:05 530212                     /lib/x86_64-linux-gnu/libz.so.1.2.11
7faf52541000-7faf52542000 r--p 0001b000 08:05 530212                     /lib/x86_64-linux-gnu/libz.so.1.2.11
7faf52542000-7faf52543000 rw-p 0001c000 08:05 530212                     /lib/x86_64-linux-gnu/libz.so.1.2.11
7faf52543000-7faf5272a000 r-xp 00000000 08:05 530040                     /lib/x86_64-linux-gnu/libc-2.27.so
7faf5272a000-7faf5292a000 ---p 001e7000 08:05 530040                     /lib/x86_64-linux-gnu/libc-2.27.so
7faf5292a000-7faf5292e000 r--p 001e7000 08:05 530040                     /lib/x86_64-linux-gnu/libc-2.27.so
7faf5292e000-7faf52930000 rw-p 001eb000 08:05 530040                     /lib/x86_64-linux-gnu/libc-2.27.so
7faf52930000-7faf52934000 rw-p 00000000 00:00 0 
7faf52934000-7faf52942000 r-xp 00000000 08:05 796976                     /usr/lib/jvm/java-8-openjdk-amd64/jre/lib/amd64/jli/libjli.so
7faf52942000-7faf52b41000 ---p 0000e000 08:05 796976                     /usr/lib/jvm/java-8-openjdk-amd64/jre/lib/amd64/jli/libjli.so
7faf52b41000-7faf52b42000 r--p 0000d000 08:05 796976                     /usr/lib/jvm/java-8-openjdk-amd64/jre/lib/amd64/jli/libjli.so
7faf52b42000-7faf52b43000 rw-p 0000e000 08:05 796976                     /usr/lib/jvm/java-8-openjdk-amd64/jre/lib/amd64/jli/libjli.so
7faf52b43000-7faf52b6a000 r-xp 00000000 08:05 530012                     /lib/x86_64-linux-gnu/ld-2.27.so
7faf52b6d000-7faf52b72000 r--s 0054d000 08:05 798128                     /home/tadeu/Documentos/Controle-de-Medicamentos/source/ControleMedicamentos/lib/sqlite-jdbc-3.8.11.2.jar
7faf52b72000-7faf52b78000 r--s 0003b000 08:05 797027                     /usr/lib/jvm/java-8-openjdk-amd64/jre/lib/ext/sunjce_provider.jar
7faf52b78000-7faf52b7a000 r--s 00008000 08:05 797026                     /usr/lib/jvm/java-8-openjdk-amd64/jre/lib/ext/sunec.jar
7faf52b7a000-7faf52b84000 r--s 00116000 08:05 797024                     /usr/lib/jvm/java-8-openjdk-amd64/jre/lib/ext/localedata.jar
7faf52b84000-7faf52c4f000 rw-p 00000000 00:00 0 
7faf52c4f000-7faf52c50000 ---p 00000000 00:00 0 
7faf52c50000-7faf52c53000 ---p 00000000 00:00 0 
7faf52c53000-7faf52d52000 rw-p 00000000 00:00 0 
7faf52d52000-7faf52d55000 r--s 00038000 08:05 797028                     /usr/lib/jvm/java-8-openjdk-amd64/jre/lib/ext/sunpkcs11.jar
7faf52d55000-7faf52d58000 r--s 0000f000 08:05 797022                     /usr/lib/jvm/java-8-openjdk-amd64/jre/lib/ext/icedtea-sound.jar
7faf52d58000-7faf52d59000 r--s 00010000 08:05 797029                     /usr/lib/jvm/java-8-openjdk-amd64/jre/lib/ext/zipfs.jar
7faf52d59000-7faf52d5b000 r--s 00001000 08:05 797021                     /usr/lib/jvm/java-8-openjdk-amd64/jre/lib/ext/dnsns.jar
7faf52d5b000-7faf52d5d000 r--s 00007000 08:05 1180768                    /usr/share/java/java-atk-wrapper.jar
7faf52d5d000-7faf52d5e000 r--s 0000a000 08:05 797023                     /usr/lib/jvm/java-8-openjdk-amd64/jre/lib/ext/jaccess.jar
7faf52d5e000-7faf52d66000 rw-s 00000000 08:05 1589504                    /tmp/hsperfdata_tadeu/16465
7faf52d66000-7faf52d67000 rw-p 00000000 00:00 0 
7faf52d67000-7faf52d68000 r--p 00000000 00:00 0 
7faf52d68000-7faf52d6a000 rw-p 00000000 00:00 0 
7faf52d6a000-7faf52d6b000 r--p 00027000 08:05 530012                     /lib/x86_64-linux-gnu/ld-2.27.so
7faf52d6b000-7faf52d6c000 rw-p 00028000 08:05 530012                     /lib/x86_64-linux-gnu/ld-2.27.so
7faf52d6c000-7faf52d6d000 rw-p 00000000 00:00 0 
7ffcdba9a000-7ffcdbabb000 rw-p 00000000 00:00 0                          [stack]
7ffcdbbae000-7ffcdbbb1000 r--p 00000000 00:00 0                          [vvar]
7ffcdbbb1000-7ffcdbbb3000 r-xp 00000000 00:00 0                          [vdso]
ffffffffff600000-ffffffffff601000 r-xp 00000000 00:00 0                  [vsyscall]

VM Arguments:
jvm_args: -Dfile.encoding=UTF-8 
java_command: posto.modelo.Main
java_class_path (initial): /home/tadeu/Documentos/Controle-de-Medicamentos/source/ControleMedicamentos/lib/sqlite-jdbc-3.8.11.2.jar:/home/tadeu/Documentos/Controle-de-Medicamentos/source/ControleMedicamentos/build/classes
Launcher Type: SUN_STANDARD

Environment Variables:
PATH=/usr/local/sbin:/usr/local/bin:/usr/sbin:/usr/bin:/sbin:/bin:/usr/games:/usr/local/games:/snap/bin
USERNAME=tadeu
LD_LIBRARY_PATH=/usr/lib/jvm/java-8-openjdk-amd64/jre/lib/amd64:/usr/lib/jvm/java-8-openjdk-amd64/jre/lib/i386:
SHELL=/bin/bash
DISPLAY=:0

Signal Handlers:
SIGSEGV: [libjvm.so+0xaaf3b0], sa_mask[0]=11111111011111111101111111111110, sa_flags=SA_RESTART|SA_SIGINFO
SIGBUS: [libjvm.so+0xaaf3b0], sa_mask[0]=11111111011111111101111111111110, sa_flags=SA_RESTART|SA_SIGINFO
SIGFPE: [libjvm.so+0x8e52f0], sa_mask[0]=11111111011111111101111111111110, sa_flags=SA_RESTART|SA_SIGINFO
SIGPIPE: [libjvm.so+0x8e52f0], sa_mask[0]=11111111011111111101111111111110, sa_flags=SA_RESTART|SA_SIGINFO
SIGXFSZ: [libjvm.so+0x8e52f0], sa_mask[0]=11111111011111111101111111111110, sa_flags=SA_RESTART|SA_SIGINFO
SIGILL: [libjvm.so+0x8e52f0], sa_mask[0]=11111111011111111101111111111110, sa_flags=SA_RESTART|SA_SIGINFO
SIGUSR1: SIG_DFL, sa_mask[0]=00000000000000000000000000000000, sa_flags=none
SIGUSR2: [libjvm.so+0x8e51a0], sa_mask[0]=00100000000000000000000000000000, sa_flags=SA_RESTART|SA_SIGINFO
SIGHUP: [libjvm.so+0x8e5650], sa_mask[0]=11111111011111111101111111111110, sa_flags=SA_RESTART|SA_SIGINFO
SIGINT: SIG_IGN, sa_mask[0]=00000000000000000000000000000000, sa_flags=none
SIGTERM: [libjvm.so+0x8e5650], sa_mask[0]=11111111011111111101111111111110, sa_flags=SA_RESTART|SA_SIGINFO
SIGQUIT: [libjvm.so+0x8e5650], sa_mask[0]=11111111011111111101111111111110, sa_flags=SA_RESTART|SA_SIGINFO


---------------  S Y S T E M  ---------------

OS:DISTRIB_ID=Ubuntu
DISTRIB_RELEASE=18.04
DISTRIB_CODENAME=bionic
DISTRIB_DESCRIPTION="Ubuntu 18.04.1 LTS"

uname:Linux 4.15.0-36-generic #39-Ubuntu SMP Mon Sep 24 16:19:09 UTC 2018 x86_64
libc:glibc 2.27 NPTL 2.27 
rlimit: STACK 8192k, CORE 0k, NPROC 31233, NOFILE 1048576, AS infinity
load average:1,37 1,47 1,49

/proc/meminfo:
MemTotal:        8110816 kB
MemFree:         1009336 kB
MemAvailable:    3876152 kB
Buffers:          292036 kB
Cached:          2752540 kB
SwapCached:            0 kB
Active:          5163452 kB
Inactive:        1509148 kB
Active(anon):    3629984 kB
Inactive(anon):    91860 kB
Active(file):    1533468 kB
Inactive(file):  1417288 kB
Unevictable:        1968 kB
Mlocked:            1968 kB
SwapTotal:       1896968 kB
SwapFree:        1896968 kB
Dirty:              1492 kB
Writeback:            12 kB
AnonPages:       3630168 kB
Mapped:           640100 kB
Shmem:             93744 kB
Slab:             278392 kB
SReclaimable:     224004 kB
SUnreclaim:        54388 kB
KernelStack:       14256 kB
PageTables:        61160 kB
NFS_Unstable:          0 kB
Bounce:                0 kB
WritebackTmp:          0 kB
CommitLimit:     5952376 kB
Committed_AS:   10187972 kB
VmallocTotal:   34359738367 kB
VmallocUsed:           0 kB
VmallocChunk:          0 kB
HardwareCorrupted:     0 kB
AnonHugePages:         0 kB
ShmemHugePages:        0 kB
ShmemPmdMapped:        0 kB
CmaTotal:              0 kB
CmaFree:               0 kB
HugePages_Total:       0
HugePages_Free:        0
HugePages_Rsvd:        0
HugePages_Surp:        0
Hugepagesize:       2048 kB
DirectMap4k:      217728 kB
DirectMap2M:     6019072 kB
DirectMap1G:     2097152 kB


CPU:total 4 (initial active 4) (2 cores per cpu, 2 threads per core) family 6 model 69 stepping 1, cmov, cx8, fxsr, mmx, sse, sse2, sse3, ssse3, sse4.1, sse4.2, popcnt, avx, avx2, aes, clmul, erms, lzcnt, ht, tsc, tscinvbit, bmi1, bmi2

/proc/cpuinfo:
processor	: 0
vendor_id	: GenuineIntel
cpu family	: 6
model		: 69
model name	: Intel(R) Core(TM) i5-4210U CPU @ 1.70GHz
stepping	: 1
microcode	: 0x24
cpu MHz		: 2394.477
cache size	: 3072 KB
physical id	: 0
siblings	: 4
core id		: 0
cpu cores	: 2
apicid		: 0
initial apicid	: 0
fpu		: yes
fpu_exception	: yes
cpuid level	: 13
wp		: yes
flags		: fpu vme de pse tsc msr pae mce cx8 apic sep mtrr pge mca cmov pat pse36 clflush dts acpi mmx fxsr sse sse2 ss ht tm pbe syscall nx pdpe1gb rdtscp lm constant_tsc arch_perfmon pebs bts rep_good nopl xtopology nonstop_tsc cpuid aperfmperf pni pclmulqdq dtes64 monitor ds_cpl vmx est tm2 ssse3 sdbg fma cx16 xtpr pdcm pcid sse4_1 sse4_2 movbe popcnt tsc_deadline_timer aes xsave avx f16c rdrand lahf_lm abm cpuid_fault epb invpcid_single pti ssbd ibrs ibpb stibp tpr_shadow vnmi flexpriority ept vpid fsgsbase tsc_adjust bmi1 avx2 smep bmi2 erms invpcid xsaveopt dtherm ida arat pln pts flush_l1d
bugs		: cpu_meltdown spectre_v1 spectre_v2 spec_store_bypass l1tf
bogomips	: 4788.96
clflush size	: 64
cache_alignment	: 64
address sizes	: 39 bits physical, 48 bits virtual
power management:

processor	: 1
vendor_id	: GenuineIntel
cpu family	: 6
model		: 69
model name	: Intel(R) Core(TM) i5-4210U CPU @ 1.70GHz
stepping	: 1
microcode	: 0x24
cpu MHz		: 2394.481
cache size	: 3072 KB
physical id	: 0
siblings	: 4
core id		: 0
cpu cores	: 2
apicid		: 1
initial apicid	: 1
fpu		: yes
fpu_exception	: yes
cpuid level	: 13
wp		: yes
flags		: fpu vme de pse tsc msr pae mce cx8 apic sep mtrr pge mca cmov pat pse36 clflush dts acpi mmx fxsr sse sse2 ss ht tm pbe syscall nx pdpe1gb rdtscp lm constant_tsc arch_perfmon pebs bts rep_good nopl xtopology nonstop_tsc cpuid aperfmperf pni pclmulqdq dtes64 monitor ds_cpl vmx est tm2 ssse3 sdbg fma cx16 xtpr pdcm pcid sse4_1 sse4_2 movbe popcnt tsc_deadline_timer aes xsave avx f16c rdrand lahf_lm abm cpuid_fault epb invpcid_single pti ssbd ibrs ibpb stibp tpr_shadow vnmi flexpriority ept vpid fsgsbase tsc_adjust bmi1 avx2 smep bmi2 erms invpcid xsaveopt dtherm ida arat pln pts flush_l1d
bugs		: cpu_meltdown spectre_v1 spectre_v2 spec_store_bypass l1tf
bogomips	: 4788.96
clflush size	: 64
cache_alignment	: 64
address sizes	: 39 bits physical, 48 bits virtual
power management:

processor	: 2
vendor_id	: GenuineIntel
cpu family	: 6
model		: 69
model name	: Intel(R) Core(TM) i5-4210U CPU @ 1.70GHz
stepping	: 1
microcode	: 0x24
cpu MHz		: 2394.481
cache size	: 3072 KB
physical id	: 0
siblings	: 4
core id		: 1
cpu cores	: 2
apicid		: 2
initial apicid	: 2
fpu		: yes
fpu_exception	: yes
cpuid level	: 13
wp		: yes
flags		: fpu vme de pse tsc msr pae mce cx8 apic sep mtrr pge mca cmov pat pse36 clflush dts acpi mmx fxsr sse sse2 ss ht tm pbe syscall nx pdpe1gb rdtscp lm constant_tsc arch_perfmon pebs bts rep_good nopl xtopology nonstop_tsc cpuid aperfmperf pni pclmulqdq dtes64 monitor ds_cpl vmx est tm2 ssse3 sdbg fma cx16 xtpr pdcm pcid sse4_1 sse4_2 movbe popcnt tsc_deadline_timer aes xsave avx f16c rdrand lahf_lm abm cpuid_fault epb invpcid_single pti ssbd ibrs ibpb stibp tpr_shadow vnmi flexpriority ept vpid fsgsbase tsc_adjust bmi1 avx2 smep bmi2 erms invpcid xsaveopt dtherm ida arat pln pts flush_l1d
bugs		: cpu_meltdown spectre_v1 spectre_v2 spec_store_bypass l1tf
bogomips	: 4788.96
clflush size	: 64
cache_alignment	: 64
address sizes	: 39 bits physical, 48 bits virtual
power management:

processor	: 3
vendor_id	: GenuineIntel
cpu family	: 6
model		: 69
model name	: Intel(R) Core(TM) i5-4210U CPU @ 1.70GHz
stepping	: 1
microcode	: 0x24
cpu MHz		: 2394.481
cache size	: 3072 KB
physical id	: 0
siblings	: 4
core id		: 1
cpu cores	: 2
apicid		: 3
initial apicid	: 3
fpu		: yes
fpu_exception	: yes
cpuid level	: 13
wp		: yes
flags		: fpu vme de pse tsc msr pae mce cx8 apic sep mtrr pge mca cmov pat pse36 clflush dts acpi mmx fxsr sse sse2 ss ht tm pbe syscall nx pdpe1gb rdtscp lm constant_tsc arch_perfmon pebs bts rep_good nopl xtopology nonstop_tsc cpuid aperfmperf pni pclmulqdq dtes64 monitor ds_cpl vmx est tm2 ssse3 sdbg fma cx16 xtpr pdcm pcid sse4_1 sse4_2 movbe popcnt tsc_deadline_timer aes xsave avx f16c rdrand lahf_lm abm cpuid_fault epb invpcid_single pti ssbd ibrs ibpb stibp tpr_shadow vnmi flexpriority ept vpid fsgsbase tsc_adjust bmi1 avx2 smep bmi2 erms invpcid xsaveopt dtherm ida arat pln pts flush_l1d
bugs		: cpu_meltdown spectre_v1 spectre_v2 spec_store_bypass l1tf
bogomips	: 4788.96
clflush size	: 64
cache_alignment	: 64
address sizes	: 39 bits physical, 48 bits virtual
power management:



Memory: 4k page, physical 8110816k(1009000k free), swap 1896968k(1896968k free)

vm_info: OpenJDK 64-Bit Server VM (25.181-b13) for linux-amd64 JRE (1.8.0_181-8u181-b13-1ubuntu0.18.04.1-b13), built on Oct 22 2018 17:29:08 by "buildd" with gcc 7.3.0

time: Sat Nov 10 20:30:08 2018
elapsed time: 0 seconds (0d 0h 0m 0s)

